<?xml version="1.0" encoding="UTF-8"?>
<testsuite xmlns:xsi="http://www.w3.org/2001/XMLSchema-instance" xsi:noNamespaceSchemaLocation="https://maven.apache.org/surefire/maven-surefire-plugin/xsd/surefire-test-report.xsd" name="org.springexamples.SpringContextTest" time="5.076" tests="1" errors="0" skipped="0" failures="0">
  <properties>
    <property name="gopherProxySet" value="false"/>
    <property name="awt.toolkit" value="sun.lwawt.macosx.LWCToolkit"/>
    <property name="file.encoding.pkg" value="sun.io"/>
    <property name="java.specification.version" value="1.8"/>
    <property name="sun.cpu.isalist" value=""/>
    <property name="sun.jnu.encoding" value="UTF-8"/>
    <property name="java.class.path" value="/Users/bhagvan.kommadi/Desktop/springexamples/Code/springbatchexample/spring-batch/target/test-classes:/Users/bhagvan.kommadi/Desktop/springexamples/Code/springbatchexample/spring-batch/target/classes:/Users/bhagvan.kommadi/.m2/repository/javax/xml/bind/jaxb-api/2.3.1/jaxb-api-2.3.1.jar:/Users/bhagvan.kommadi/.m2/repository/javax/activation/javax.activation-api/1.2.0/javax.activation-api-1.2.0.jar:/Users/bhagvan.kommadi/.m2/repository/org/glassfish/jaxb/jaxb-runtime/2.3.1/jaxb-runtime-2.3.1.jar:/Users/bhagvan.kommadi/.m2/repository/org/glassfish/jaxb/txw2/2.3.3/txw2-2.3.3.jar:/Users/bhagvan.kommadi/.m2/repository/com/sun/istack/istack-commons-runtime/3.0.7/istack-commons-runtime-3.0.7.jar:/Users/bhagvan.kommadi/.m2/repository/org/jvnet/staxex/stax-ex/1.8/stax-ex-1.8.jar:/Users/bhagvan.kommadi/.m2/repository/com/sun/xml/fastinfoset/FastInfoset/1.2.15/FastInfoset-1.2.15.jar:/Users/bhagvan.kommadi/.m2/repository/org/xerial/sqlite-jdbc/3.15.1/sqlite-jdbc-3.15.1.jar:/Users/bhagvan.kommadi/.m2/repository/org/springframework/spring-oxm/5.2.0.RELEASE/spring-oxm-5.2.0.RELEASE.jar:/Users/bhagvan.kommadi/.m2/repository/org/springframework/spring-beans/5.2.8.RELEASE/spring-beans-5.2.8.RELEASE.jar:/Users/bhagvan.kommadi/.m2/repository/org/springframework/spring-core/5.2.8.RELEASE/spring-core-5.2.8.RELEASE.jar:/Users/bhagvan.kommadi/.m2/repository/org/springframework/spring-jcl/5.2.8.RELEASE/spring-jcl-5.2.8.RELEASE.jar:/Users/bhagvan.kommadi/.m2/repository/org/springframework/spring-jdbc/5.2.0.RELEASE/spring-jdbc-5.2.0.RELEASE.jar:/Users/bhagvan.kommadi/.m2/repository/org/springframework/spring-tx/5.2.8.RELEASE/spring-tx-5.2.8.RELEASE.jar:/Users/bhagvan.kommadi/.m2/repository/org/springframework/batch/spring-batch-core/4.2.0.RELEASE/spring-batch-core-4.2.0.RELEASE.jar:/Users/bhagvan.kommadi/.m2/repository/com/fasterxml/jackson/core/jackson-databind/2.11.2/jackson-databind-2.11.2.jar:/Users/bhagvan.kommadi/.m2/repository/com/fasterxml/jackson/core/jackson-annotations/2.11.2/jackson-annotations-2.11.2.jar:/Users/bhagvan.kommadi/.m2/repository/com/fasterxml/jackson/core/jackson-core/2.11.2/jackson-core-2.11.2.jar:/Users/bhagvan.kommadi/.m2/repository/io/micrometer/micrometer-core/1.5.4/micrometer-core-1.5.4.jar:/Users/bhagvan.kommadi/.m2/repository/org/hdrhistogram/HdrHistogram/2.1.12/HdrHistogram-2.1.12.jar:/Users/bhagvan.kommadi/.m2/repository/org/latencyutils/LatencyUtils/2.0.3/LatencyUtils-2.0.3.jar:/Users/bhagvan.kommadi/.m2/repository/javax/batch/javax.batch-api/1.0/javax.batch-api-1.0.jar:/Users/bhagvan.kommadi/.m2/repository/org/codehaus/jettison/jettison/1.2/jettison-1.2.jar:/Users/bhagvan.kommadi/.m2/repository/org/springframework/batch/spring-batch-infrastructure/4.2.4.RELEASE/spring-batch-infrastructure-4.2.4.RELEASE.jar:/Users/bhagvan.kommadi/.m2/repository/org/springframework/retry/spring-retry/1.2.5.RELEASE/spring-retry-1.2.5.RELEASE.jar:/Users/bhagvan.kommadi/.m2/repository/org/springframework/spring-aop/5.2.8.RELEASE/spring-aop-5.2.8.RELEASE.jar:/Users/bhagvan.kommadi/.m2/repository/org/springframework/spring-context/5.2.8.RELEASE/spring-context-5.2.8.RELEASE.jar:/Users/bhagvan.kommadi/.m2/repository/org/springframework/spring-expression/5.2.8.RELEASE/spring-expression-5.2.8.RELEASE.jar:/Users/bhagvan.kommadi/.m2/repository/org/springframework/batch/spring-batch-test/4.2.0.RELEASE/spring-batch-test-4.2.0.RELEASE.jar:/Users/bhagvan.kommadi/.m2/repository/org/springframework/spring-test/5.2.8.RELEASE/spring-test-5.2.8.RELEASE.jar:/Users/bhagvan.kommadi/.m2/repository/com/opencsv/opencsv/4.1/opencsv-4.1.jar:/Users/bhagvan.kommadi/.m2/repository/org/apache/commons/commons-lang3/3.10/commons-lang3-3.10.jar:/Users/bhagvan.kommadi/.m2/repository/org/apache/commons/commons-text/1.1/commons-text-1.1.jar:/Users/bhagvan.kommadi/.m2/repository/commons-beanutils/commons-beanutils/1.9.3/commons-beanutils-1.9.3.jar:/Users/bhagvan.kommadi/.m2/repository/commons-logging/commons-logging/1.2/commons-logging-1.2.jar:/Users/bhagvan.kommadi/.m2/repository/commons-collections/commons-collections/3.2.2/commons-collections-3.2.2.jar:/Users/bhagvan.kommadi/.m2/repository/org/springframework/boot/spring-boot-starter-batch/2.3.3.RELEASE/spring-boot-starter-batch-2.3.3.RELEASE.jar:/Users/bhagvan.kommadi/.m2/repository/org/springframework/boot/spring-boot-starter/2.3.3.RELEASE/spring-boot-starter-2.3.3.RELEASE.jar:/Users/bhagvan.kommadi/.m2/repository/org/springframework/boot/spring-boot/2.3.3.RELEASE/spring-boot-2.3.3.RELEASE.jar:/Users/bhagvan.kommadi/.m2/repository/org/springframework/boot/spring-boot-autoconfigure/2.3.3.RELEASE/spring-boot-autoconfigure-2.3.3.RELEASE.jar:/Users/bhagvan.kommadi/.m2/repository/org/springframework/boot/spring-boot-starter-logging/2.3.3.RELEASE/spring-boot-starter-logging-2.3.3.RELEASE.jar:/Users/bhagvan.kommadi/.m2/repository/org/apache/logging/log4j/log4j-to-slf4j/2.13.3/log4j-to-slf4j-2.13.3.jar:/Users/bhagvan.kommadi/.m2/repository/org/apache/logging/log4j/log4j-api/2.13.3/log4j-api-2.13.3.jar:/Users/bhagvan.kommadi/.m2/repository/org/slf4j/jul-to-slf4j/1.7.30/jul-to-slf4j-1.7.30.jar:/Users/bhagvan.kommadi/.m2/repository/jakarta/annotation/jakarta.annotation-api/1.3.5/jakarta.annotation-api-1.3.5.jar:/Users/bhagvan.kommadi/.m2/repository/org/yaml/snakeyaml/1.26/snakeyaml-1.26.jar:/Users/bhagvan.kommadi/.m2/repository/org/springframework/boot/spring-boot-starter-jdbc/2.3.3.RELEASE/spring-boot-starter-jdbc-2.3.3.RELEASE.jar:/Users/bhagvan.kommadi/.m2/repository/com/zaxxer/HikariCP/3.4.5/HikariCP-3.4.5.jar:/Users/bhagvan.kommadi/.m2/repository/org/hsqldb/hsqldb/2.5.1/hsqldb-2.5.1.jar:/Users/bhagvan.kommadi/.m2/repository/org/awaitility/awaitility/3.1.1/awaitility-3.1.1.jar:/Users/bhagvan.kommadi/.m2/repository/org/hamcrest/hamcrest-library/2.2/hamcrest-library-2.2.jar:/Users/bhagvan.kommadi/.m2/repository/org/hamcrest/hamcrest-core/2.2/hamcrest-core-2.2.jar:/Users/bhagvan.kommadi/.m2/repository/org/objenesis/objenesis/2.6/objenesis-2.6.jar:/Users/bhagvan.kommadi/.m2/repository/io/rest-assured/rest-assured/3.3.0/rest-assured-3.3.0.jar:/Users/bhagvan.kommadi/.m2/repository/org/codehaus/groovy/groovy/2.5.13/groovy-2.5.13.jar:/Users/bhagvan.kommadi/.m2/repository/org/codehaus/groovy/groovy-xml/2.5.13/groovy-xml-2.5.13.jar:/Users/bhagvan.kommadi/.m2/repository/org/apache/httpcomponents/httpclient/4.5.12/httpclient-4.5.12.jar:/Users/bhagvan.kommadi/.m2/repository/org/apache/httpcomponents/httpcore/4.4.13/httpcore-4.4.13.jar:/Users/bhagvan.kommadi/.m2/repository/commons-codec/commons-codec/1.14/commons-codec-1.14.jar:/Users/bhagvan.kommadi/.m2/repository/org/apache/httpcomponents/httpmime/4.5.12/httpmime-4.5.12.jar:/Users/bhagvan.kommadi/.m2/repository/org/ccil/cowan/tagsoup/tagsoup/1.2.1/tagsoup-1.2.1.jar:/Users/bhagvan.kommadi/.m2/repository/io/rest-assured/json-path/3.3.0/json-path-3.3.0.jar:/Users/bhagvan.kommadi/.m2/repository/org/codehaus/groovy/groovy-json/2.5.13/groovy-json-2.5.13.jar:/Users/bhagvan.kommadi/.m2/repository/io/rest-assured/rest-assured-common/3.3.0/rest-assured-common-3.3.0.jar:/Users/bhagvan.kommadi/.m2/repository/io/rest-assured/xml-path/3.3.0/xml-path-3.3.0.jar:/Users/bhagvan.kommadi/.m2/repository/com/sun/xml/bind/jaxb-osgi/2.2.10/jaxb-osgi-2.2.10.jar:/Users/bhagvan.kommadi/.m2/repository/org/apache/sling/org.apache.sling.javax.activation/0.1.0/org.apache.sling.javax.activation-0.1.0.jar:/Users/bhagvan.kommadi/.m2/repository/javax/activation/activation/1.1.1/activation-1.1.1.jar:/Users/bhagvan.kommadi/.m2/repository/org/springframework/boot/spring-boot-starter-test/2.3.3.RELEASE/spring-boot-starter-test-2.3.3.RELEASE.jar:/Users/bhagvan.kommadi/.m2/repository/org/springframework/boot/spring-boot-test/2.3.3.RELEASE/spring-boot-test-2.3.3.RELEASE.jar:/Users/bhagvan.kommadi/.m2/repository/org/springframework/boot/spring-boot-test-autoconfigure/2.3.3.RELEASE/spring-boot-test-autoconfigure-2.3.3.RELEASE.jar:/Users/bhagvan.kommadi/.m2/repository/com/jayway/jsonpath/json-path/2.4.0/json-path-2.4.0.jar:/Users/bhagvan.kommadi/.m2/repository/net/minidev/json-smart/2.3/json-smart-2.3.jar:/Users/bhagvan.kommadi/.m2/repository/net/minidev/accessors-smart/1.2/accessors-smart-1.2.jar:/Users/bhagvan.kommadi/.m2/repository/org/ow2/asm/asm/5.0.4/asm-5.0.4.jar:/Users/bhagvan.kommadi/.m2/repository/jakarta/xml/bind/jakarta.xml.bind-api/2.3.3/jakarta.xml.bind-api-2.3.3.jar:/Users/bhagvan.kommadi/.m2/repository/jakarta/activation/jakarta.activation-api/1.2.2/jakarta.activation-api-1.2.2.jar:/Users/bhagvan.kommadi/.m2/repository/org/assertj/assertj-core/3.16.1/assertj-core-3.16.1.jar:/Users/bhagvan.kommadi/.m2/repository/org/junit/jupiter/junit-jupiter/5.6.2/junit-jupiter-5.6.2.jar:/Users/bhagvan.kommadi/.m2/repository/org/junit/vintage/junit-vintage-engine/5.6.2/junit-vintage-engine-5.6.2.jar:/Users/bhagvan.kommadi/.m2/repository/org/mockito/mockito-junit-jupiter/3.3.3/mockito-junit-jupiter-3.3.3.jar:/Users/bhagvan.kommadi/.m2/repository/org/skyscreamer/jsonassert/1.5.0/jsonassert-1.5.0.jar:/Users/bhagvan.kommadi/.m2/repository/com/vaadin/external/google/android-json/0.0.20131108.vaadin1/android-json-0.0.20131108.vaadin1.jar:/Users/bhagvan.kommadi/.m2/repository/org/xmlunit/xmlunit-core/2.7.0/xmlunit-core-2.7.0.jar:/Users/bhagvan.kommadi/.m2/repository/org/slf4j/slf4j-api/1.7.30/slf4j-api-1.7.30.jar:/Users/bhagvan.kommadi/.m2/repository/ch/qos/logback/logback-classic/1.2.3/logback-classic-1.2.3.jar:/Users/bhagvan.kommadi/.m2/repository/ch/qos/logback/logback-core/1.2.3/logback-core-1.2.3.jar:/Users/bhagvan.kommadi/.m2/repository/org/slf4j/jcl-over-slf4j/1.7.30/jcl-over-slf4j-1.7.30.jar:/Users/bhagvan.kommadi/.m2/repository/junit/junit/4.12/junit-4.12.jar:/Users/bhagvan.kommadi/.m2/repository/org/junit/jupiter/junit-jupiter-engine/5.2.0/junit-jupiter-engine-5.2.0.jar:/Users/bhagvan.kommadi/.m2/repository/org/apiguardian/apiguardian-api/1.0.0/apiguardian-api-1.0.0.jar:/Users/bhagvan.kommadi/.m2/repository/org/junit/platform/junit-platform-engine/1.6.2/junit-platform-engine-1.6.2.jar:/Users/bhagvan.kommadi/.m2/repository/org/junit/jupiter/junit-jupiter-params/5.2.0/junit-jupiter-params-5.2.0.jar:/Users/bhagvan.kommadi/.m2/repository/org/junit/jupiter/junit-jupiter-api/5.2.0/junit-jupiter-api-5.2.0.jar:/Users/bhagvan.kommadi/.m2/repository/org/opentest4j/opentest4j/1.1.0/opentest4j-1.1.0.jar:/Users/bhagvan.kommadi/.m2/repository/org/junit/platform/junit-platform-commons/1.6.2/junit-platform-commons-1.6.2.jar:/Users/bhagvan.kommadi/.m2/repository/org/hamcrest/hamcrest/2.2/hamcrest-2.2.jar:/Users/bhagvan.kommadi/.m2/repository/org/hamcrest/hamcrest-all/1.3/hamcrest-all-1.3.jar:/Users/bhagvan.kommadi/.m2/repository/org/mockito/mockito-core/3.3.0/mockito-core-3.3.0.jar:/Users/bhagvan.kommadi/.m2/repository/net/bytebuddy/byte-buddy/1.10.14/byte-buddy-1.10.14.jar:/Users/bhagvan.kommadi/.m2/repository/net/bytebuddy/byte-buddy-agent/1.10.14/byte-buddy-agent-1.10.14.jar:/Users/bhagvan.kommadi/.m2/repository/org/apache/maven/surefire/surefire-logger-api/2.21.0/surefire-logger-api-2.21.0.jar:"/>
    <property name="java.vm.vendor" value="Oracle Corporation"/>
    <property name="sun.arch.data.model" value="64"/>
    <property name="java.vendor.url" value="http://java.oracle.com/"/>
    <property name="user.timezone" value=""/>
    <property name="java.vm.specification.version" value="1.8"/>
    <property name="os.name" value="Mac OS X"/>
    <property name="user.country" value="US"/>
    <property name="sun.java.launcher" value="SUN_STANDARD"/>
    <property name="sun.boot.library.path" value="/Library/Java/JavaVirtualMachines/jdk1.8.0_101.jdk/Contents/Home/jre/lib"/>
    <property name="sun.java.command" value="/Users/bhagvan.kommadi/Desktop/springexamples/Code/springbatchexample/spring-batch/target/surefire/surefirebooter3603955465199156973.jar /Users/bhagvan.kommadi/Desktop/springexamples/Code/springbatchexample/spring-batch/target/surefire 2020-10-26T22-42-17_878-jvmRun1 surefire2585642393107086495tmp surefire_0831462048085427043tmp"/>
    <property name="http.nonProxyHosts" value="local|*.local|169.254/16|*.169.254/16"/>
    <property name="surefire.test.class.path" value="/Users/bhagvan.kommadi/Desktop/springexamples/Code/springbatchexample/spring-batch/target/test-classes:/Users/bhagvan.kommadi/Desktop/springexamples/Code/springbatchexample/spring-batch/target/classes:/Users/bhagvan.kommadi/.m2/repository/javax/xml/bind/jaxb-api/2.3.1/jaxb-api-2.3.1.jar:/Users/bhagvan.kommadi/.m2/repository/javax/activation/javax.activation-api/1.2.0/javax.activation-api-1.2.0.jar:/Users/bhagvan.kommadi/.m2/repository/org/glassfish/jaxb/jaxb-runtime/2.3.1/jaxb-runtime-2.3.1.jar:/Users/bhagvan.kommadi/.m2/repository/org/glassfish/jaxb/txw2/2.3.3/txw2-2.3.3.jar:/Users/bhagvan.kommadi/.m2/repository/com/sun/istack/istack-commons-runtime/3.0.7/istack-commons-runtime-3.0.7.jar:/Users/bhagvan.kommadi/.m2/repository/org/jvnet/staxex/stax-ex/1.8/stax-ex-1.8.jar:/Users/bhagvan.kommadi/.m2/repository/com/sun/xml/fastinfoset/FastInfoset/1.2.15/FastInfoset-1.2.15.jar:/Users/bhagvan.kommadi/.m2/repository/org/xerial/sqlite-jdbc/3.15.1/sqlite-jdbc-3.15.1.jar:/Users/bhagvan.kommadi/.m2/repository/org/springframework/spring-oxm/5.2.0.RELEASE/spring-oxm-5.2.0.RELEASE.jar:/Users/bhagvan.kommadi/.m2/repository/org/springframework/spring-beans/5.2.8.RELEASE/spring-beans-5.2.8.RELEASE.jar:/Users/bhagvan.kommadi/.m2/repository/org/springframework/spring-core/5.2.8.RELEASE/spring-core-5.2.8.RELEASE.jar:/Users/bhagvan.kommadi/.m2/repository/org/springframework/spring-jcl/5.2.8.RELEASE/spring-jcl-5.2.8.RELEASE.jar:/Users/bhagvan.kommadi/.m2/repository/org/springframework/spring-jdbc/5.2.0.RELEASE/spring-jdbc-5.2.0.RELEASE.jar:/Users/bhagvan.kommadi/.m2/repository/org/springframework/spring-tx/5.2.8.RELEASE/spring-tx-5.2.8.RELEASE.jar:/Users/bhagvan.kommadi/.m2/repository/org/springframework/batch/spring-batch-core/4.2.0.RELEASE/spring-batch-core-4.2.0.RELEASE.jar:/Users/bhagvan.kommadi/.m2/repository/com/fasterxml/jackson/core/jackson-databind/2.11.2/jackson-databind-2.11.2.jar:/Users/bhagvan.kommadi/.m2/repository/com/fasterxml/jackson/core/jackson-annotations/2.11.2/jackson-annotations-2.11.2.jar:/Users/bhagvan.kommadi/.m2/repository/com/fasterxml/jackson/core/jackson-core/2.11.2/jackson-core-2.11.2.jar:/Users/bhagvan.kommadi/.m2/repository/io/micrometer/micrometer-core/1.5.4/micrometer-core-1.5.4.jar:/Users/bhagvan.kommadi/.m2/repository/org/hdrhistogram/HdrHistogram/2.1.12/HdrHistogram-2.1.12.jar:/Users/bhagvan.kommadi/.m2/repository/org/latencyutils/LatencyUtils/2.0.3/LatencyUtils-2.0.3.jar:/Users/bhagvan.kommadi/.m2/repository/javax/batch/javax.batch-api/1.0/javax.batch-api-1.0.jar:/Users/bhagvan.kommadi/.m2/repository/org/codehaus/jettison/jettison/1.2/jettison-1.2.jar:/Users/bhagvan.kommadi/.m2/repository/org/springframework/batch/spring-batch-infrastructure/4.2.4.RELEASE/spring-batch-infrastructure-4.2.4.RELEASE.jar:/Users/bhagvan.kommadi/.m2/repository/org/springframework/retry/spring-retry/1.2.5.RELEASE/spring-retry-1.2.5.RELEASE.jar:/Users/bhagvan.kommadi/.m2/repository/org/springframework/spring-aop/5.2.8.RELEASE/spring-aop-5.2.8.RELEASE.jar:/Users/bhagvan.kommadi/.m2/repository/org/springframework/spring-context/5.2.8.RELEASE/spring-context-5.2.8.RELEASE.jar:/Users/bhagvan.kommadi/.m2/repository/org/springframework/spring-expression/5.2.8.RELEASE/spring-expression-5.2.8.RELEASE.jar:/Users/bhagvan.kommadi/.m2/repository/org/springframework/batch/spring-batch-test/4.2.0.RELEASE/spring-batch-test-4.2.0.RELEASE.jar:/Users/bhagvan.kommadi/.m2/repository/org/springframework/spring-test/5.2.8.RELEASE/spring-test-5.2.8.RELEASE.jar:/Users/bhagvan.kommadi/.m2/repository/com/opencsv/opencsv/4.1/opencsv-4.1.jar:/Users/bhagvan.kommadi/.m2/repository/org/apache/commons/commons-lang3/3.10/commons-lang3-3.10.jar:/Users/bhagvan.kommadi/.m2/repository/org/apache/commons/commons-text/1.1/commons-text-1.1.jar:/Users/bhagvan.kommadi/.m2/repository/commons-beanutils/commons-beanutils/1.9.3/commons-beanutils-1.9.3.jar:/Users/bhagvan.kommadi/.m2/repository/commons-logging/commons-logging/1.2/commons-logging-1.2.jar:/Users/bhagvan.kommadi/.m2/repository/commons-collections/commons-collections/3.2.2/commons-collections-3.2.2.jar:/Users/bhagvan.kommadi/.m2/repository/org/springframework/boot/spring-boot-starter-batch/2.3.3.RELEASE/spring-boot-starter-batch-2.3.3.RELEASE.jar:/Users/bhagvan.kommadi/.m2/repository/org/springframework/boot/spring-boot-starter/2.3.3.RELEASE/spring-boot-starter-2.3.3.RELEASE.jar:/Users/bhagvan.kommadi/.m2/repository/org/springframework/boot/spring-boot/2.3.3.RELEASE/spring-boot-2.3.3.RELEASE.jar:/Users/bhagvan.kommadi/.m2/repository/org/springframework/boot/spring-boot-autoconfigure/2.3.3.RELEASE/spring-boot-autoconfigure-2.3.3.RELEASE.jar:/Users/bhagvan.kommadi/.m2/repository/org/springframework/boot/spring-boot-starter-logging/2.3.3.RELEASE/spring-boot-starter-logging-2.3.3.RELEASE.jar:/Users/bhagvan.kommadi/.m2/repository/org/apache/logging/log4j/log4j-to-slf4j/2.13.3/log4j-to-slf4j-2.13.3.jar:/Users/bhagvan.kommadi/.m2/repository/org/apache/logging/log4j/log4j-api/2.13.3/log4j-api-2.13.3.jar:/Users/bhagvan.kommadi/.m2/repository/org/slf4j/jul-to-slf4j/1.7.30/jul-to-slf4j-1.7.30.jar:/Users/bhagvan.kommadi/.m2/repository/jakarta/annotation/jakarta.annotation-api/1.3.5/jakarta.annotation-api-1.3.5.jar:/Users/bhagvan.kommadi/.m2/repository/org/yaml/snakeyaml/1.26/snakeyaml-1.26.jar:/Users/bhagvan.kommadi/.m2/repository/org/springframework/boot/spring-boot-starter-jdbc/2.3.3.RELEASE/spring-boot-starter-jdbc-2.3.3.RELEASE.jar:/Users/bhagvan.kommadi/.m2/repository/com/zaxxer/HikariCP/3.4.5/HikariCP-3.4.5.jar:/Users/bhagvan.kommadi/.m2/repository/org/hsqldb/hsqldb/2.5.1/hsqldb-2.5.1.jar:/Users/bhagvan.kommadi/.m2/repository/org/awaitility/awaitility/3.1.1/awaitility-3.1.1.jar:/Users/bhagvan.kommadi/.m2/repository/org/hamcrest/hamcrest-library/2.2/hamcrest-library-2.2.jar:/Users/bhagvan.kommadi/.m2/repository/org/hamcrest/hamcrest-core/2.2/hamcrest-core-2.2.jar:/Users/bhagvan.kommadi/.m2/repository/org/objenesis/objenesis/2.6/objenesis-2.6.jar:/Users/bhagvan.kommadi/.m2/repository/io/rest-assured/rest-assured/3.3.0/rest-assured-3.3.0.jar:/Users/bhagvan.kommadi/.m2/repository/org/codehaus/groovy/groovy/2.5.13/groovy-2.5.13.jar:/Users/bhagvan.kommadi/.m2/repository/org/codehaus/groovy/groovy-xml/2.5.13/groovy-xml-2.5.13.jar:/Users/bhagvan.kommadi/.m2/repository/org/apache/httpcomponents/httpclient/4.5.12/httpclient-4.5.12.jar:/Users/bhagvan.kommadi/.m2/repository/org/apache/httpcomponents/httpcore/4.4.13/httpcore-4.4.13.jar:/Users/bhagvan.kommadi/.m2/repository/commons-codec/commons-codec/1.14/commons-codec-1.14.jar:/Users/bhagvan.kommadi/.m2/repository/org/apache/httpcomponents/httpmime/4.5.12/httpmime-4.5.12.jar:/Users/bhagvan.kommadi/.m2/repository/org/ccil/cowan/tagsoup/tagsoup/1.2.1/tagsoup-1.2.1.jar:/Users/bhagvan.kommadi/.m2/repository/io/rest-assured/json-path/3.3.0/json-path-3.3.0.jar:/Users/bhagvan.kommadi/.m2/repository/org/codehaus/groovy/groovy-json/2.5.13/groovy-json-2.5.13.jar:/Users/bhagvan.kommadi/.m2/repository/io/rest-assured/rest-assured-common/3.3.0/rest-assured-common-3.3.0.jar:/Users/bhagvan.kommadi/.m2/repository/io/rest-assured/xml-path/3.3.0/xml-path-3.3.0.jar:/Users/bhagvan.kommadi/.m2/repository/com/sun/xml/bind/jaxb-osgi/2.2.10/jaxb-osgi-2.2.10.jar:/Users/bhagvan.kommadi/.m2/repository/org/apache/sling/org.apache.sling.javax.activation/0.1.0/org.apache.sling.javax.activation-0.1.0.jar:/Users/bhagvan.kommadi/.m2/repository/javax/activation/activation/1.1.1/activation-1.1.1.jar:/Users/bhagvan.kommadi/.m2/repository/org/springframework/boot/spring-boot-starter-test/2.3.3.RELEASE/spring-boot-starter-test-2.3.3.RELEASE.jar:/Users/bhagvan.kommadi/.m2/repository/org/springframework/boot/spring-boot-test/2.3.3.RELEASE/spring-boot-test-2.3.3.RELEASE.jar:/Users/bhagvan.kommadi/.m2/repository/org/springframework/boot/spring-boot-test-autoconfigure/2.3.3.RELEASE/spring-boot-test-autoconfigure-2.3.3.RELEASE.jar:/Users/bhagvan.kommadi/.m2/repository/com/jayway/jsonpath/json-path/2.4.0/json-path-2.4.0.jar:/Users/bhagvan.kommadi/.m2/repository/net/minidev/json-smart/2.3/json-smart-2.3.jar:/Users/bhagvan.kommadi/.m2/repository/net/minidev/accessors-smart/1.2/accessors-smart-1.2.jar:/Users/bhagvan.kommadi/.m2/repository/org/ow2/asm/asm/5.0.4/asm-5.0.4.jar:/Users/bhagvan.kommadi/.m2/repository/jakarta/xml/bind/jakarta.xml.bind-api/2.3.3/jakarta.xml.bind-api-2.3.3.jar:/Users/bhagvan.kommadi/.m2/repository/jakarta/activation/jakarta.activation-api/1.2.2/jakarta.activation-api-1.2.2.jar:/Users/bhagvan.kommadi/.m2/repository/org/assertj/assertj-core/3.16.1/assertj-core-3.16.1.jar:/Users/bhagvan.kommadi/.m2/repository/org/junit/jupiter/junit-jupiter/5.6.2/junit-jupiter-5.6.2.jar:/Users/bhagvan.kommadi/.m2/repository/org/junit/vintage/junit-vintage-engine/5.6.2/junit-vintage-engine-5.6.2.jar:/Users/bhagvan.kommadi/.m2/repository/org/mockito/mockito-junit-jupiter/3.3.3/mockito-junit-jupiter-3.3.3.jar:/Users/bhagvan.kommadi/.m2/repository/org/skyscreamer/jsonassert/1.5.0/jsonassert-1.5.0.jar:/Users/bhagvan.kommadi/.m2/repository/com/vaadin/external/google/android-json/0.0.20131108.vaadin1/android-json-0.0.20131108.vaadin1.jar:/Users/bhagvan.kommadi/.m2/repository/org/xmlunit/xmlunit-core/2.7.0/xmlunit-core-2.7.0.jar:/Users/bhagvan.kommadi/.m2/repository/org/slf4j/slf4j-api/1.7.30/slf4j-api-1.7.30.jar:/Users/bhagvan.kommadi/.m2/repository/ch/qos/logback/logback-classic/1.2.3/logback-classic-1.2.3.jar:/Users/bhagvan.kommadi/.m2/repository/ch/qos/logback/logback-core/1.2.3/logback-core-1.2.3.jar:/Users/bhagvan.kommadi/.m2/repository/org/slf4j/jcl-over-slf4j/1.7.30/jcl-over-slf4j-1.7.30.jar:/Users/bhagvan.kommadi/.m2/repository/junit/junit/4.12/junit-4.12.jar:/Users/bhagvan.kommadi/.m2/repository/org/junit/jupiter/junit-jupiter-engine/5.2.0/junit-jupiter-engine-5.2.0.jar:/Users/bhagvan.kommadi/.m2/repository/org/apiguardian/apiguardian-api/1.0.0/apiguardian-api-1.0.0.jar:/Users/bhagvan.kommadi/.m2/repository/org/junit/platform/junit-platform-engine/1.6.2/junit-platform-engine-1.6.2.jar:/Users/bhagvan.kommadi/.m2/repository/org/junit/jupiter/junit-jupiter-params/5.2.0/junit-jupiter-params-5.2.0.jar:/Users/bhagvan.kommadi/.m2/repository/org/junit/jupiter/junit-jupiter-api/5.2.0/junit-jupiter-api-5.2.0.jar:/Users/bhagvan.kommadi/.m2/repository/org/opentest4j/opentest4j/1.1.0/opentest4j-1.1.0.jar:/Users/bhagvan.kommadi/.m2/repository/org/junit/platform/junit-platform-commons/1.6.2/junit-platform-commons-1.6.2.jar:/Users/bhagvan.kommadi/.m2/repository/org/hamcrest/hamcrest/2.2/hamcrest-2.2.jar:/Users/bhagvan.kommadi/.m2/repository/org/hamcrest/hamcrest-all/1.3/hamcrest-all-1.3.jar:/Users/bhagvan.kommadi/.m2/repository/org/mockito/mockito-core/3.3.0/mockito-core-3.3.0.jar:/Users/bhagvan.kommadi/.m2/repository/net/bytebuddy/byte-buddy/1.10.14/byte-buddy-1.10.14.jar:/Users/bhagvan.kommadi/.m2/repository/net/bytebuddy/byte-buddy-agent/1.10.14/byte-buddy-agent-1.10.14.jar:/Users/bhagvan.kommadi/.m2/repository/org/apache/maven/surefire/surefire-logger-api/2.21.0/surefire-logger-api-2.21.0.jar:"/>
    <property name="sun.cpu.endian" value="little"/>
    <property name="user.home" value="/Users/bhagvan.kommadi"/>
    <property name="user.language" value="en"/>
    <property name="java.specification.vendor" value="Oracle Corporation"/>
    <property name="java.home" value="/Library/Java/JavaVirtualMachines/jdk1.8.0_101.jdk/Contents/Home/jre"/>
    <property name="basedir" value="/Users/bhagvan.kommadi/Desktop/springexamples/Code/springbatchexample/spring-batch"/>
    <property name="file.separator" value="/"/>
    <property name="line.separator" value="&#10;"/>
    <property name="java.vm.specification.vendor" value="Oracle Corporation"/>
    <property name="java.specification.name" value="Java Platform API Specification"/>
    <property name="java.awt.graphicsenv" value="sun.awt.CGraphicsEnvironment"/>
    <property name="surefire.real.class.path" value="/Users/bhagvan.kommadi/Desktop/springexamples/Code/springbatchexample/spring-batch/target/surefire/surefirebooter3603955465199156973.jar"/>
    <property name="sun.boot.class.path" value="/Library/Java/JavaVirtualMachines/jdk1.8.0_101.jdk/Contents/Home/jre/lib/resources.jar:/Library/Java/JavaVirtualMachines/jdk1.8.0_101.jdk/Contents/Home/jre/lib/rt.jar:/Library/Java/JavaVirtualMachines/jdk1.8.0_101.jdk/Contents/Home/jre/lib/sunrsasign.jar:/Library/Java/JavaVirtualMachines/jdk1.8.0_101.jdk/Contents/Home/jre/lib/jsse.jar:/Library/Java/JavaVirtualMachines/jdk1.8.0_101.jdk/Contents/Home/jre/lib/jce.jar:/Library/Java/JavaVirtualMachines/jdk1.8.0_101.jdk/Contents/Home/jre/lib/charsets.jar:/Library/Java/JavaVirtualMachines/jdk1.8.0_101.jdk/Contents/Home/jre/lib/jfr.jar:/Library/Java/JavaVirtualMachines/jdk1.8.0_101.jdk/Contents/Home/jre/classes"/>
    <property name="sun.management.compiler" value="HotSpot 64-Bit Tiered Compilers"/>
    <property name="ftp.nonProxyHosts" value="local|*.local|169.254/16|*.169.254/16"/>
    <property name="java.runtime.version" value="1.8.0_101-b13"/>
    <property name="user.name" value="bhagvan.kommadi"/>
    <property name="path.separator" value=":"/>
    <property name="os.version" value="10.12.6"/>
    <property name="java.endorsed.dirs" value="/Library/Java/JavaVirtualMachines/jdk1.8.0_101.jdk/Contents/Home/jre/lib/endorsed"/>
    <property name="java.runtime.name" value="Java(TM) SE Runtime Environment"/>
    <property name="file.encoding" value="UTF-8"/>
    <property name="java.vm.name" value="Java HotSpot(TM) 64-Bit Server VM"/>
    <property name="localRepository" value="/Users/bhagvan.kommadi/.m2/repository"/>
    <property name="java.vendor.url.bug" value="http://bugreport.sun.com/bugreport/"/>
    <property name="java.io.tmpdir" value="/var/folders/cr/0y892lq14qv7r24yl0gh0_dm0000gp/T/"/>
    <property name="java.version" value="1.8.0_101"/>
    <property name="user.dir" value="/Users/bhagvan.kommadi/Desktop/springexamples/Code/springbatchexample/spring-batch"/>
    <property name="os.arch" value="x86_64"/>
    <property name="java.vm.specification.name" value="Java Virtual Machine Specification"/>
    <property name="java.awt.printerjob" value="sun.lwawt.macosx.CPrinterJob"/>
    <property name="sun.os.patch.level" value="unknown"/>
    <property name="java.library.path" value="/Users/bhagvan.kommadi/Library/Java/Extensions:/Library/Java/Extensions:/Network/Library/Java/Extensions:/System/Library/Java/Extensions:/usr/lib/java:."/>
    <property name="java.vm.info" value="mixed mode"/>
    <property name="java.vendor" value="Oracle Corporation"/>
    <property name="java.vm.version" value="25.101-b13"/>
    <property name="java.ext.dirs" value="/Users/bhagvan.kommadi/Library/Java/Extensions:/Library/Java/JavaVirtualMachines/jdk1.8.0_101.jdk/Contents/Home/jre/lib/ext:/Library/Java/Extensions:/Network/Library/Java/Extensions:/System/Library/Java/Extensions:/usr/lib/java"/>
    <property name="sun.io.unicode.encoding" value="UnicodeBig"/>
    <property name="java.class.version" value="52.0"/>
    <property name="socksNonProxyHosts" value="local|*.local|169.254/16|*.169.254/16"/>
  </properties>
  <testcase name="testMain" classname="org.springexamples.SpringContextTest" time="5.069"/>
</testsuite>